<?xml version="1.0" encoding="UTF-8" ?>
<testsuite tests="0" failures="0" name="TestSuite" time="0" errors="0" skipped="0">
  <properties>
    <property name="idea.version" value="2020.2.1"/>
    <property name="java.runtime.name" value="Java(TM) SE Runtime Environment"/>
    <property name="java.vm.version" value="11.0.8+10-LTS"/>
    <property name="sun.boot.library.path" value="C:\Program Files\Java\jdk-11.0.8\bin"/>
    <property name="maven.multiModuleProjectDirectory" value="D:\Program Files\intellij_project\Rio_ion"/>
    <property name="java.vm.vendor" value="Oracle Corporation"/>
    <property name="java.vendor.url" value="https://openjdk.java.net/"/>
    <property name="guice.disable.misplaced.annotation.check" value="true"/>
    <property name="path.separator" value=";"/>
    <property name="java.vm.name" value="Java HotSpot(TM) 64-Bit Server VM"/>
    <property name="sun.os.patch.level" value=""/>
    <property name="user.script" value=""/>
    <property name="user.country" value="IN"/>
    <property name="sun.java.launcher" value="SUN_STANDARD"/>
    <property name="java.vm.specification.name" value="Java Virtual Machine Specification"/>
    <property name="user.dir" value="D:\Program Files\intellij_project\Rio_ion"/>
    <property name="java.vm.compressedOopsMode" value="32-bit"/>
    <property name="java.runtime.version" value="11.0.8+10-LTS"/>
    <property name="java.awt.graphicsenv" value="sun.awt.Win32GraphicsEnvironment"/>
    <property name="os.arch" value="amd64"/>
    <property name="java.io.tmpdir" value="C:\Users\USER\AppData\Local\Temp\"/>
    <property name="line.separator" value="
"/>
    <property name="java.vm.specification.vendor" value="Oracle Corporation"/>
    <property name="user.variant" value=""/>
    <property name="os.name" value="Windows 8.1"/>
    <property name="maven.ext.class.path" value="D:\Program Files\ij\IntelliJ IDEA Community Edition 2020.2.1\plugins\maven\lib\maven-event-listener.jar"/>
    <property name="classworlds.conf" value="D:\Program Files\ij\IntelliJ IDEA Community Edition 2020.2.1\plugins\maven\lib\maven3\bin\m2.conf"/>
    <property name="sun.jnu.encoding" value="Cp1252"/>
    <property name="java.library.path" value="C:\Program Files\Java\jdk-11.0.8\bin;C:\Windows\Sun\Java\bin;C:\Windows\system32;C:\Windows;C:\Program Files\Java\jdk-11.0.8\bin;C:\Program Files\apache-maven-3.6.3-bin\apache-maven-3.6.3\bin;D:\Program Files\Git\bin\git.exe;D:\Go\bin;C:\Program Files\Java\jdk-11.0.8\bin;C:\Program Files\apache-maven-3.6.3-bin\apache-maven-3.6.3\bin;D:\Program Files\Git\bin\git.exe;D:\Go\bin;C:\Program Files\Java\jdk-11.0.8\bin;D:\Program Files\Git\bin;D:\Program Files\Docker Toolbox;D:\Program Files\Docker Toolbox;D:\Program Files\Docker Toolbox;D:\Program Files\Docker Toolbox;D:\Program Files\Docker Toolbox;C:\Users\USER\go\bin;."/>
    <property name="maven.conf" value="D:\Program Files\ij\IntelliJ IDEA Community Edition 2020.2.1\plugins\maven\lib\maven3/conf"/>
    <property name="jdk.debug" value="release"/>
    <property name="java.class.version" value="55.0"/>
    <property name="java.specification.name" value="Java Platform API Specification"/>
    <property name="sun.management.compiler" value="HotSpot 64-Bit Tiered Compilers"/>
    <property name="os.version" value="6.3"/>
    <property name="user.home" value="C:\Users\USER"/>
    <property name="user.timezone" value="Asia/Calcutta"/>
    <property name="java.awt.printerjob" value="sun.awt.windows.WPrinterJob"/>
    <property name="file.encoding" value="UTF-8"/>
    <property name="java.specification.version" value="11"/>
    <property name="user.name" value="Samrat"/>
    <property name="java.class.path" value="D:\Program Files\ij\IntelliJ IDEA Community Edition 2020.2.1\plugins\maven\lib\maven3\boot\plexus-classworlds-2.6.0.jar;D:\Program Files\ij\IntelliJ IDEA Community Edition 2020.2.1\plugins\maven\lib\maven3\boot\plexus-classworlds.license"/>
    <property name="java.vm.specification.version" value="11"/>
    <property name="sun.arch.data.model" value="64"/>
    <property name="sun.java.command" value="org.codehaus.classworlds.Launcher -Didea.version=2020.2.1 deploy"/>
    <property name="java.home" value="C:\Program Files\Java\jdk-11.0.8"/>
    <property name="user.language" value="en"/>
    <property name="java.specification.vendor" value="Oracle Corporation"/>
    <property name="awt.toolkit" value="sun.awt.windows.WToolkit"/>
    <property name="java.vm.info" value="mixed mode"/>
    <property name="java.version" value="11.0.8"/>
    <property name="java.vendor" value="Oracle Corporation"/>
    <property name="maven.home" value="D:\Program Files\ij\IntelliJ IDEA Community Edition 2020.2.1\plugins\maven\lib\maven3"/>
    <property name="file.separator" value="\"/>
    <property name="java.version.date" value="2020-07-14"/>
    <property name="java.vendor.url.bug" value="https://bugreport.java.com/bugreport/"/>
    <property name="sun.io.unicode.encoding" value="UnicodeLittle"/>
    <property name="sun.cpu.endian" value="little"/>
    <property name="java.vendor.version" value="18.9"/>
    <property name="sun.desktop" value="windows"/>
    <property name="sun.cpu.isalist" value="amd64"/>
  </properties>
</testsuite>